2021-08-13 03:37:15 [scrapy.utils.log] INFO: Scrapy 2.5.0 started (bot: scraper)
2021-08-13 03:37:15 [scrapy.utils.log] INFO: Versions: lxml 4.6.3.0, libxml2 2.9.10, cssselect 1.1.0, parsel 1.6.0, w3lib 1.22.0, Twisted 21.2.0, Python 3.8.10 (default, Jun  2 2021, 10:49:15) - [GCC 9.4.0], pyOpenSSL 20.0.1 (OpenSSL 1.1.1k  25 Mar 2021), cryptography 3.4.7, Platform Linux-5.11.0-25-generic-x86_64-with-glibc2.29
2021-08-13 03:37:15 [scrapy.utils.log] DEBUG: Using reactor: twisted.internet.asyncioreactor.AsyncioSelectorReactor
2021-08-13 03:37:15 [scrapy.utils.log] DEBUG: Using asyncio event loop: asyncio.unix_events._UnixSelectorEventLoop
2021-08-13 03:37:15 [scrapy.crawler] INFO: Overridden settings:
{'BOT_NAME': 'scraper',
 'LOG_FILE': 'logs/scraper/CrawlSite/bb75eab8fbe711ebb8b547ca807e5145.log',
 'NEWSPIDER_MODULE': 'scraper.spiders',
 'ROBOTSTXT_OBEY': True,
 'SPIDER_MODULES': ['scraper.spiders']}
2021-08-13 03:37:15 [scrapy.extensions.telnet] INFO: Telnet Password: d485b880ee451b26
2021-08-13 03:37:15 [scrapy.middleware] INFO: Enabled extensions:
['scrapy.extensions.corestats.CoreStats',
 'scrapy.extensions.telnet.TelnetConsole',
 'scrapy.extensions.memusage.MemoryUsage',
 'scrapy.extensions.logstats.LogStats']
2021-08-13 03:37:15 [scrapy.middleware] INFO: Enabled downloader middlewares:
['scrapy.downloadermiddlewares.robotstxt.RobotsTxtMiddleware',
 'scrapy.downloadermiddlewares.httpauth.HttpAuthMiddleware',
 'scrapy.downloadermiddlewares.downloadtimeout.DownloadTimeoutMiddleware',
 'scrapy.downloadermiddlewares.defaultheaders.DefaultHeadersMiddleware',
 'scrapy.downloadermiddlewares.useragent.UserAgentMiddleware',
 'scrapy.downloadermiddlewares.retry.RetryMiddleware',
 'scrapy.downloadermiddlewares.redirect.MetaRefreshMiddleware',
 'scrapy.downloadermiddlewares.httpcompression.HttpCompressionMiddleware',
 'scrapy.downloadermiddlewares.redirect.RedirectMiddleware',
 'scrapy.downloadermiddlewares.cookies.CookiesMiddleware',
 'scrapy.downloadermiddlewares.httpproxy.HttpProxyMiddleware',
 'scrapy.downloadermiddlewares.stats.DownloaderStats']
2021-08-13 03:37:15 [scrapy.middleware] INFO: Enabled spider middlewares:
['scrapy.spidermiddlewares.httperror.HttpErrorMiddleware',
 'scrapy.spidermiddlewares.offsite.OffsiteMiddleware',
 'scrapy.spidermiddlewares.referer.RefererMiddleware',
 'scrapy.spidermiddlewares.urllength.UrlLengthMiddleware',
 'scrapy.spidermiddlewares.depth.DepthMiddleware']
2021-08-13 03:37:15 [scrapy.middleware] INFO: Enabled item pipelines:
[]
2021-08-13 03:37:15 [scrapy.core.engine] INFO: Spider opened
2021-08-13 03:37:15 [scrapy.extensions.logstats] INFO: Crawled 0 pages (at 0 pages/min), scraped 0 items (at 0 items/min)
2021-08-13 03:37:15 [scrapy.extensions.telnet] INFO: Telnet console listening on 127.0.0.1:6024
2021-08-13 03:37:16 [scrapy.core.engine] DEBUG: Crawled (200) <GET https://www.kumarijob.com/robots.txt> (referer: None)
2021-08-13 03:37:17 [scrapy.core.engine] DEBUG: Crawled (200) <GET https://www.kumarijob.com/search?keywords=> (referer: None)
2021-08-13 03:37:20 [scrapy.core.engine] DEBUG: Crawled (200) <GET https://www.kumarijob.com/search?keywords=&page=2> (referer: https://www.kumarijob.com/search?keywords=)
2021-08-13 03:37:22 [scrapy.core.engine] DEBUG: Crawled (200) <GET https://www.kumarijob.com/search?keywords=&page=3> (referer: https://www.kumarijob.com/search?keywords=&page=2)
2021-08-13 03:37:24 [scrapy.core.engine] DEBUG: Crawled (200) <GET https://www.kumarijob.com/search?keywords=&page=4> (referer: https://www.kumarijob.com/search?keywords=&page=3)
2021-08-13 03:37:26 [scrapy.core.engine] DEBUG: Crawled (200) <GET https://www.kumarijob.com/search?keywords=&page=5> (referer: https://www.kumarijob.com/search?keywords=&page=4)
2021-08-13 03:37:28 [scrapy.core.engine] DEBUG: Crawled (200) <GET https://www.kumarijob.com/search?keywords=&page=6> (referer: https://www.kumarijob.com/search?keywords=&page=5)
2021-08-13 03:37:29 [scrapy.core.engine] DEBUG: Crawled (200) <GET https://www.kumarijob.com/search?keywords=&page=7> (referer: https://www.kumarijob.com/search?keywords=&page=6)
2021-08-13 03:37:31 [scrapy.core.engine] DEBUG: Crawled (200) <GET https://www.kumarijob.com/search?keywords=&page=8> (referer: https://www.kumarijob.com/search?keywords=&page=7)
2021-08-13 03:37:33 [scrapy.core.engine] DEBUG: Crawled (200) <GET https://www.kumarijob.com/search?keywords=&page=9> (referer: https://www.kumarijob.com/search?keywords=&page=8)
2021-08-13 03:37:34 [scrapy.core.engine] DEBUG: Crawled (200) <GET https://www.kumarijob.com/search?keywords=&page=10> (referer: https://www.kumarijob.com/search?keywords=&page=9)
2021-08-13 03:37:36 [scrapy.core.engine] DEBUG: Crawled (200) <GET https://www.kumarijob.com/search?keywords=&page=11> (referer: https://www.kumarijob.com/search?keywords=&page=10)
2021-08-13 03:37:38 [scrapy.core.engine] DEBUG: Crawled (200) <GET https://www.kumarijob.com/search?keywords=&page=12> (referer: https://www.kumarijob.com/search?keywords=&page=11)
2021-08-13 03:37:40 [scrapy.core.engine] DEBUG: Crawled (200) <GET https://www.kumarijob.com/search?keywords=&page=13> (referer: https://www.kumarijob.com/search?keywords=&page=12)
2021-08-13 03:37:42 [scrapy.core.engine] DEBUG: Crawled (200) <GET https://www.kumarijob.com/search?keywords=&page=14> (referer: https://www.kumarijob.com/search?keywords=&page=13)
2021-08-13 03:37:44 [scrapy.core.engine] DEBUG: Crawled (200) <GET https://www.kumarijob.com/search?keywords=&page=15> (referer: https://www.kumarijob.com/search?keywords=&page=14)
2021-08-13 03:37:45 [scrapy.core.engine] DEBUG: Crawled (200) <GET https://www.kumarijob.com/search?keywords=&page=16> (referer: https://www.kumarijob.com/search?keywords=&page=15)
2021-08-13 03:37:45 [scrapy.core.engine] INFO: Closing spider (finished)
2021-08-13 03:37:45 [websockets.protocol] DEBUG: client - state = CONNECTING
2021-08-13 03:37:45 [websockets.protocol] DEBUG: client - event = connection_made(<_SelectorSocketTransport fd=25 read=idle write=<idle, bufsize=0>>)
2021-08-13 03:37:45 [websockets.server] DEBUG: client > GET /ws/ HTTP/1.1
2021-08-13 03:37:45 [websockets.server] DEBUG: client > Headers([('Host', '127.0.0.1:8000'), ('Upgrade', 'websocket'), ('Connection', 'Upgrade'), ('Sec-WebSocket-Key', 'mSzUbZPtiaLixjmOQnSwmQ=='), ('Sec-WebSocket-Version', '13'), ('Sec-WebSocket-Extensions', 'permessage-deflate; client_max_window_bits'), ('User-Agent', 'Python/3.8 websockets/9.1')])
2021-08-13 03:37:50 [websockets.protocol] DEBUG: client - event = connection_lost([Errno 104] Connection reset by peer)
2021-08-13 03:37:50 [websockets.protocol] DEBUG: client - state = CLOSED
2021-08-13 03:37:50 [websockets.protocol] DEBUG: client x code = 1006, reason = [no reason]
2021-08-13 03:37:50 [websockets.protocol] DEBUG: client ! failing CLOSED WebSocket connection with code 1006
2021-08-13 03:37:50 [websockets.protocol] DEBUG: client x half-closing TCP connection
2021-08-13 03:37:50 [scrapy.utils.signal] ERROR: Error caught on signal handler: <function Spider.close at 0x7fc63bf4de50>
Traceback (most recent call last):
  File "/home/aasis/.local/lib/python3.8/site-packages/websockets/legacy/client.py", line 192, in read_http_response
    status_code, reason, headers = await read_response(self.reader)
  File "/home/aasis/.local/lib/python3.8/site-packages/websockets/legacy/http.py", line 112, in read_response
    status_line = await read_line(stream)
  File "/home/aasis/.local/lib/python3.8/site-packages/websockets/legacy/http.py", line 186, in read_line
    line = await stream.readline()
  File "/usr/lib/python3.8/asyncio/streams.py", line 540, in readline
    line = await self.readuntil(sep)
  File "/usr/lib/python3.8/asyncio/streams.py", line 632, in readuntil
    await self._wait_for_data('readuntil')
  File "/usr/lib/python3.8/asyncio/streams.py", line 517, in _wait_for_data
    await self._waiter
  File "/usr/lib/python3.8/asyncio/selector_events.py", line 848, in _read_ready__data_received
    data = self._sock.recv(self.max_size)
ConnectionResetError: [Errno 104] Connection reset by peer

The above exception was the direct cause of the following exception:

Traceback (most recent call last):
  File "/home/aasis/.local/lib/python3.8/site-packages/twisted/internet/defer.py", line 837, in adapt
    extracted = result.result()
  File "/home/aasis/Documents/jobminersserver/scraper/scraper/spiders/__init__.py", line 118, in closed
    websocket = await websockets.connect(ws_url)
  File "/home/aasis/.local/lib/python3.8/site-packages/websockets/legacy/client.py", line 629, in __await_impl__
    await protocol.handshake(
  File "/home/aasis/.local/lib/python3.8/site-packages/websockets/legacy/client.py", line 382, in handshake
    status_code, response_headers = await self.read_http_response()
  File "/home/aasis/.local/lib/python3.8/site-packages/websockets/legacy/client.py", line 198, in read_http_response
    raise InvalidMessage("did not receive a valid HTTP response") from exc
websockets.exceptions.InvalidMessage: did not receive a valid HTTP response
2021-08-13 03:37:50 [scrapy.statscollectors] INFO: Dumping Scrapy stats:
{'downloader/request_bytes': 15451,
 'downloader/request_count': 17,
 'downloader/request_method_count/GET': 17,
 'downloader/response_bytes': 260438,
 'downloader/response_count': 17,
 'downloader/response_status_count/200': 17,
 'elapsed_time_seconds': 29.955793,
 'finish_reason': 'finished',
 'finish_time': datetime.datetime(2021, 8, 13, 3, 37, 45, 737632),
 'httpcompression/response_bytes': 1540002,
 'httpcompression/response_count': 16,
 'log_count/DEBUG': 26,
 'log_count/ERROR': 1,
 'log_count/INFO': 10,
 'memusage/max': 88829952,
 'memusage/startup': 88829952,
 'request_depth_max': 15,
 'response_received_count': 17,
 'robotstxt/request_count': 1,
 'robotstxt/response_count': 1,
 'robotstxt/response_status_count/200': 1,
 'scheduler/dequeued': 16,
 'scheduler/dequeued/memory': 16,
 'scheduler/enqueued': 16,
 'scheduler/enqueued/memory': 16,
 'start_time': datetime.datetime(2021, 8, 13, 3, 37, 15, 781839)}
2021-08-13 03:37:50 [scrapy.core.engine] INFO: Spider closed (finished)
